<?xml version="1.0" encoding="UTF-8"?>
<!-- Generated by org.testng.reporters.JUnitReportReporter -->
<testsuite hostname="AMRVWP000001953" failures="0" tests="1" name="destinations.flightDestinations" time="84.332" errors="0" timestamp="14 Jun 2019 15:07:38 GMT">
  <testcase classname="destinations.flightDestinations" name="flightPageNavigation" time="84.332"/>
</testsuite> <!-- destinations.flightDestinations -->
