<?xml version="1.0" encoding="UTF-8"?>
<!-- Generated by org.testng.reporters.JUnitReportReporter -->
<testsuite hostname="AMRVWP000001953" failures="0" tests="1" name="pfizer.flightsPagetest" time="19.071" errors="0" timestamp="14 Jun 2019 14:42:03 GMT">
  <testcase classname="pfizer.flightsPagetest" name="flightPageNavigation" time="19.071"/>
</testsuite> <!-- pfizer.flightsPagetest -->
